2022-05-19T10:58:31.723Z - normal: Load ~/.CocosCreator/settings.json
2022-05-19T10:58:31.760Z - normal: Initializing Asset Database
2022-05-19T10:58:31.761Z - normal: checking language setting...
2022-05-19T10:58:31.761Z - normal: Language: en
2022-05-19T10:58:32.149Z - success: preview server running at http://localhost:7456
2022-05-19T10:58:32.173Z - success: protocol editor-framework registered
2022-05-19T10:58:32.173Z - success: protocol app registered
2022-05-19T10:58:32.173Z - success: protocol theme registered
2022-05-19T10:58:32.173Z - success: protocol packages registered
2022-05-19T10:58:32.173Z - success: protocol uuid registerred
2022-05-19T10:58:32.173Z - success: protocol db registerred
2022-05-19T10:58:32.173Z - success: protocol thumbnail registerred
2022-05-19T10:58:32.173Z - success: protocol unpack registerred
2022-05-19T10:58:32.173Z - success: protocol disable-commonjs registerred
2022-05-19T10:58:35.154Z - normal: failed to connect login server due to request timeout
2022-05-19T10:58:35.154Z - normal: Check project /Users/fresher-phuongminh/Desktop/final/demo/demo20481
2022-05-19T10:58:35.156Z - normal: Initializing project /Users/fresher-phuongminh/Desktop/final/demo/demo20481
2022-05-19T10:58:35.376Z - normal: Initializing Cocos2d
2022-05-19T10:58:35.746Z - normal: Initializing engine extends
2022-05-19T10:58:35.769Z - success: alipay-adapter loaded
2022-05-19T10:58:35.779Z - success: asset-db-debugger loaded
2022-05-19T10:58:35.782Z - success: baidu-adapter loaded
2022-05-19T10:58:35.785Z - success: color-picker loaded
2022-05-19T10:58:35.873Z - success: fb-audience-network loaded
2022-05-19T10:58:35.902Z - success: fb-live-stream loaded
2022-05-19T10:58:35.904Z - success: google-play-instant loaded
2022-05-19T10:58:35.906Z - success: huawei-runtime loaded
2022-05-19T10:58:36.029Z - success: cpk-publish loaded
2022-05-19T10:58:36.030Z - success: jsb-adapter loaded
2022-05-19T10:58:36.033Z - success: oppo-runtime loaded
2022-05-19T10:58:36.042Z - success: package-manager loaded
2022-05-19T10:58:36.103Z - success: qqplay-adapter loaded
2022-05-19T10:58:36.104Z - success: runtime-dev-tools loaded
2022-05-19T10:58:36.112Z - success: sdkbox loaded
2022-05-19T10:58:36.120Z - success: tester loaded
2022-05-19T10:58:36.126Z - success: ui-kit-preview-extra loaded
2022-05-19T10:58:36.132Z - success: ui-kit-preview loaded
2022-05-19T10:58:36.139Z - success: ui-kit loaded
2022-05-19T10:58:36.142Z - success: vivo-runtime loaded
2022-05-19T10:58:36.142Z - success: weapp-adapter loaded
2022-05-19T10:58:36.143Z - success: xiaomi-adapter loaded
2022-05-19T10:58:36.144Z - success: alipay-minigame loaded
2022-05-19T10:58:36.178Z - success: assets loaded
2022-05-19T10:58:36.185Z - success: builder loaded
2022-05-19T10:58:36.341Z - success: cocos-services loaded
2022-05-19T10:58:36.352Z - success: console loaded
2022-05-19T10:58:36.373Z - success: fb-instant-games loaded
2022-05-19T10:58:36.381Z - success: game-window loaded
2022-05-19T10:58:36.381Z - success: google-instant-games loaded
2022-05-19T10:58:36.390Z - success: hierarchy loaded
2022-05-19T10:58:36.398Z - success: inspector loaded
2022-05-19T10:58:36.399Z - success: keystore loaded
2022-05-19T10:58:36.406Z - success: node-library loaded
2022-05-19T10:58:36.407Z - success: package-asset loaded
2022-05-19T10:58:36.408Z - success: preferences loaded
2022-05-19T10:58:36.414Z - success: project-exporter loaded
2022-05-19T10:58:36.422Z - success: project-importer loaded
2022-05-19T10:58:36.428Z - success: project-settings loaded
2022-05-19T10:58:36.436Z - success: scene loaded
2022-05-19T10:58:36.437Z - success: simulator-debugger loaded
2022-05-19T10:58:36.437Z - success: sprite-editor loaded
2022-05-19T10:58:36.444Z - success: store loaded
2022-05-19T10:58:36.453Z - success: timeline loaded
2022-05-19T10:58:36.455Z - success: xiaomi-runtime loaded
2022-05-19T10:58:37.155Z - normal: Loading packages
2022-05-19T10:58:37.159Z - normal: Watching packages
2022-05-19T10:58:37.233Z - normal: Run Application
2022-05-19T11:01:04.011Z - info: Cocos Services load base data!
